<?xml version="1.0" encoding="utf-8"?><testsuites><testsuite name="pytest" errors="0" failures="0" skipped="0" tests="1" time="0.754" timestamp="2021-02-15T14:12:37.312718" hostname="libero"><testcase classname="tests.function_test" name="teste_basico" time="0.011" /></testsuite></testsuites>